[debug] [2020-03-31T11:32:17.096Z] ----------------------------------------------------------------------
[debug] [2020-03-31T11:32:17.099Z] Command:       C:\Program Files\nodejs\node.exe C:\Users\User\AppData\Roaming\npm\node_modules\firebase-tools\lib\bin\firebase.js serve
[debug] [2020-03-31T11:32:17.099Z] CLI Version:   7.16.1
[debug] [2020-03-31T11:32:17.099Z] Platform:      win32
[debug] [2020-03-31T11:32:17.099Z] Node Version:  v10.15.2
[debug] [2020-03-31T11:32:17.101Z] Time:          Tue Mar 31 2020 14:32:17 GMT+0300 (GMT+03:00)
[debug] [2020-03-31T11:32:17.101Z] ----------------------------------------------------------------------
[debug] [2020-03-31T11:32:17.101Z] 
[debug] [2020-03-31T11:32:17.114Z] > command requires scopes: ["email","openid","https://www.googleapis.com/auth/cloudplatformprojects.readonly","https://www.googleapis.com/auth/firebase","https://www.googleapis.com/auth/cloud-platform"]
[debug] [2020-03-31T11:32:17.114Z] > authorizing via signed-in user
[debug] [2020-03-31T11:32:17.114Z] [iam] checking project tukim-app for permissions ["firebase.projects.get"]
[debug] [2020-03-31T11:32:17.118Z] > refreshing access token with scopes: ["email","https://www.googleapis.com/auth/cloud-platform","https://www.googleapis.com/auth/cloudplatformprojects.readonly","https://www.googleapis.com/auth/firebase","openid"]
[debug] [2020-03-31T11:32:17.118Z] >>> HTTP REQUEST POST https://www.googleapis.com/oauth2/v3/token  
 <request body omitted>
[debug] [2020-03-31T11:32:21.318Z] <<< HTTP RESPONSE 200
[debug] [2020-03-31T11:32:21.328Z] >>> HTTP REQUEST POST https://cloudresourcemanager.googleapis.com/v1/projects/tukim-app:testIamPermissions  

[debug] [2020-03-31T11:32:25.581Z] <<< HTTP RESPONSE 200
[debug] [2020-03-31T11:32:25.583Z] >>> HTTP REQUEST GET https://firebase.googleapis.com/v1beta1/projects/tukim-app  
 
[debug] [2020-03-31T11:32:30.105Z] <<< HTTP RESPONSE 200
[info] 
[info] === Serving from 'C:\Users\User\Desktop\developing\tukim'...
[info] 
[debug] [2020-03-31T11:32:30.113Z] >>> HTTP REQUEST GET https://firebase.googleapis.com/v1beta1/projects/tukim-app/webApps/-/config  
 
[warn] !  Your requested "node" version "8" doesn't match your global version "10"
[info] +  functions: functions emulator started at http://localhost:5001
[debug] [2020-03-31T11:32:33.187Z] <<< HTTP RESPONSE 200
[info] i  functions: Watching "C:\Users\User\Desktop\developing\tukim\functions" for Cloud Functions...
[debug] [2020-03-31T11:32:33.309Z] [worker-pool] addWorker(~diagnostic~)
[debug] [2020-03-31T11:32:33.310Z] [worker-pool] Adding worker with key ~diagnostic~, total=1
[debug] [2020-03-31T11:32:33.310Z] [worker-pool] submitWork(triggerId=)
[debug] [2020-03-31T11:32:33.311Z] [worker-~diagnostic~-1f184159-89db-451a-aa36-60aca6b53275]: Assigning socketPath: \\?\pipe\C:\Users\User\Desktop\developing\tukim\functions\6956
[debug] [2020-03-31T11:32:33.312Z] [worker-~diagnostic~-1f184159-89db-451a-aa36-60aca6b53275]: BUSY
[info] i  hosting: Serving hosting files from: public
[info] +  hosting: Local server: http://localhost:5000
[debug] [2020-03-31T11:32:33.950Z] [runtime-status] [6956] Functions runtime initialized. {"cwd":"C:\\Users\\User\\Desktop\\developing\\tukim\\functions","node_version":"10.15.2"}
[debug] [2020-03-31T11:32:33.952Z] [runtime-status] [6956] Disabled runtime features: {"functions_config_helper":true,"network_filtering":true,"timeout":true,"memory_limiting":true,"admin_stubs":true,"pubsub_emulator":true}
[warn] !  The Cloud Functions emulator requires the module "firebase-admin" to be installed. This package is in your package.json, but it's not available. You probably need to run "npm install" in your functions directory.
[info] i  functions: Your functions could not be parsed due to an issue with your node_modules (see above)
[debug] [2020-03-31T11:32:33.979Z] [worker-~diagnostic~-1f184159-89db-451a-aa36-60aca6b53275]: exited
[debug] [2020-03-31T11:32:33.979Z] [worker-~diagnostic~-1f184159-89db-451a-aa36-60aca6b53275]: FINISHED
